{"/home/cash/git/calculate/src/constants/gameData.ts": {"path":"/home/cash/git/calculate/src/constants/gameData.ts","statementMap":{"0":{"start":{"line":3,"column":31},"end":{"line":34,"column":null}},"1":{"start":{"line":36,"column":26},"end":{"line":36,"column":null}},"2":{"start":{"line":37,"column":26},"end":{"line":37,"column":null}}},"fnMap":{},"branchMap":{},"s":{"0":3,"1":3,"2":3},"f":{},"b":{},"meta":{"lastBranch":0,"lastFunction":0,"lastStatement":3,"seen":{"s:3:31:34:Infinity":0,"s:36:26:36:Infinity":1,"s:37:26:37:Infinity":2}}}
,"/home/cash/git/calculate/src/domain/engine.ts": {"path":"/home/cash/git/calculate/src/domain/engine.ts","statementMap":{"0":{"start":{"line":4,"column":6},"end":{"line":24,"column":null}},"1":{"start":{"line":5,"column":32},"end":{"line":5,"column":34}},"2":{"start":{"line":6,"column":32},"end":{"line":6,"column":34}},"3":{"start":{"line":7,"column":22},"end":{"line":7,"column":null}},"4":{"start":{"line":9,"column":4},"end":{"line":20,"column":null}},"5":{"start":{"line":9,"column":17},"end":{"line":9,"column":20}},"6":{"start":{"line":10,"column":8},"end":{"line":20,"column":null}},"7":{"start":{"line":11,"column":12},"end":{"line":11,"column":null}},"8":{"start":{"line":12,"column":12},"end":{"line":12,"column":null}},"9":{"start":{"line":13,"column":12},"end":{"line":13,"column":null}},"10":{"start":{"line":14,"column":12},"end":{"line":14,"column":null}},"11":{"start":{"line":15,"column":19},"end":{"line":20,"column":null}},"12":{"start":{"line":16,"column":12},"end":{"line":16,"column":null}},"13":{"start":{"line":17,"column":12},"end":{"line":17,"column":null}},"14":{"start":{"line":18,"column":12},"end":{"line":18,"column":null}},"15":{"start":{"line":20,"column":12},"end":{"line":20,"column":null}},"16":{"start":{"line":23,"column":4},"end":{"line":23,"column":null}},"17":{"start":{"line":24,"column":4},"end":{"line":24,"column":null}},"18":{"start":{"line":27,"column":13},"end":{"line":67,"column":null}},"19":{"start":{"line":28,"column":41},"end":{"line":28,"column":60}},"20":{"start":{"line":30,"column":4},"end":{"line":30,"column":null}},"21":{"start":{"line":30,"column":34},"end":{"line":30,"column":null}},"22":{"start":{"line":31,"column":4},"end":{"line":31,"column":null}},"23":{"start":{"line":31,"column":30},"end":{"line":31,"column":39}},"24":{"start":{"line":31,"column":41},"end":{"line":31,"column":null}},"25":{"start":{"line":33,"column":4},"end":{"line":40,"column":null}},"26":{"start":{"line":33,"column":17},"end":{"line":33,"column":20}},"27":{"start":{"line":34,"column":23},"end":{"line":34,"column":null}},"28":{"start":{"line":35,"column":24},"end":{"line":35,"column":null}},"29":{"start":{"line":36,"column":24},"end":{"line":36,"column":52}},"30":{"start":{"line":37,"column":25},"end":{"line":37,"column":54}},"31":{"start":{"line":39,"column":8},"end":{"line":40,"column":null}},"32":{"start":{"line":40,"column":12},"end":{"line":40,"column":null}},"33":{"start":{"line":44,"column":27},"end":{"line":44,"column":29}},"34":{"start":{"line":45,"column":4},"end":{"line":53,"column":null}},"35":{"start":{"line":46,"column":8},"end":{"line":53,"column":null}},"36":{"start":{"line":47,"column":12},"end":{"line":47,"column":null}},"37":{"start":{"line":47,"column":40},"end":{"line":47,"column":null}},"38":{"start":{"line":49,"column":22},"end":{"line":49,"column":123}},"39":{"start":{"line":50,"column":12},"end":{"line":50,"column":null}},"40":{"start":{"line":50,"column":39},"end":{"line":50,"column":null}},"41":{"start":{"line":51,"column":12},"end":{"line":51,"column":null}},"42":{"start":{"line":53,"column":12},"end":{"line":53,"column":null}},"43":{"start":{"line":57,"column":4},"end":{"line":64,"column":null}},"44":{"start":{"line":57,"column":17},"end":{"line":57,"column":20}},"45":{"start":{"line":58,"column":19},"end":{"line":58,"column":null}},"46":{"start":{"line":59,"column":20},"end":{"line":59,"column":null}},"47":{"start":{"line":60,"column":19},"end":{"line":60,"column":null}},"48":{"start":{"line":61,"column":8},"end":{"line":61,"column":null}},"49":{"start":{"line":61,"column":47},"end":{"line":61,"column":null}},"50":{"start":{"line":62,"column":8},"end":{"line":62,"column":null}},"51":{"start":{"line":62,"column":45},"end":{"line":62,"column":null}},"52":{"start":{"line":63,"column":8},"end":{"line":63,"column":null}},"53":{"start":{"line":63,"column":45},"end":{"line":63,"column":null}},"54":{"start":{"line":64,"column":8},"end":{"line":64,"column":null}},"55":{"start":{"line":64,"column":48},"end":{"line":64,"column":null}},"56":{"start":{"line":67,"column":4},"end":{"line":67,"column":null}},"57":{"start":{"line":70,"column":13},"end":{"line":73,"column":null}},"58":{"start":{"line":71,"column":4},"end":{"line":73,"column":null}},"59":{"start":{"line":72,"column":8},"end":{"line":72,"column":40}},"60":{"start":{"line":76,"column":13},"end":{"line":94,"column":null}},"61":{"start":{"line":77,"column":41},"end":{"line":77,"column":66}},"62":{"start":{"line":79,"column":39},"end":{"line":79,"column":41}},"63":{"start":{"line":80,"column":4},"end":{"line":91,"column":null}},"64":{"start":{"line":80,"column":17},"end":{"line":80,"column":20}},"65":{"start":{"line":81,"column":19},"end":{"line":81,"column":48}},"66":{"start":{"line":82,"column":20},"end":{"line":82,"column":53}},"67":{"start":{"line":83,"column":17},"end":{"line":83,"column":null}},"68":{"start":{"line":85,"column":8},"end":{"line":91,"column":null}},"69":{"start":{"line":86,"column":27},"end":{"line":86,"column":47}},"70":{"start":{"line":87,"column":12},"end":{"line":87,"column":null}},"71":{"start":{"line":88,"column":19},"end":{"line":91,"column":null}},"72":{"start":{"line":89,"column":12},"end":{"line":89,"column":null}},"73":{"start":{"line":91,"column":12},"end":{"line":91,"column":null}},"74":{"start":{"line":94,"column":4},"end":{"line":94,"column":null}},"75":{"start":{"line":97,"column":13},"end":{"line":108,"column":null}},"76":{"start":{"line":98,"column":43},"end":{"line":98,"column":45}},"77":{"start":{"line":99,"column":4},"end":{"line":99,"column":null}},"78":{"start":{"line":99,"column":28},"end":{"line":99,"column":71}},"79":{"start":{"line":100,"column":4},"end":{"line":108,"column":null}},"80":{"start":{"line":102,"column":23},"end":{"line":102,"column":44}},"81":{"start":{"line":103,"column":23},"end":{"line":103,"column":44}},"82":{"start":{"line":104,"column":12},"end":{"line":104,"column":null}},"83":{"start":{"line":104,"column":29},"end":{"line":104,"column":null}},"84":{"start":{"line":105,"column":12},"end":{"line":105,"column":null}},"85":{"start":{"line":105,"column":29},"end":{"line":105,"column":null}},"86":{"start":{"line":106,"column":12},"end":{"line":106,"column":null}},"87":{"start":{"line":108,"column":22},"end":{"line":108,"column":53}}},"fnMap":{"0":{"name":"(anonymous_0)","decl":{"start":{"line":4,"column":6},"end":{"line":4,"column":24}},"loc":{"start":{"line":4,"column":90},"end":{"line":24,"column":null}},"line":4},"1":{"name":"(anonymous_1)","decl":{"start":{"line":27,"column":13},"end":{"line":27,"column":32}},"loc":{"start":{"line":27,"column":66},"end":{"line":67,"column":null}},"line":27},"2":{"name":"(anonymous_2)","decl":{"start":{"line":31,"column":20},"end":{"line":31,"column":25}},"loc":{"start":{"line":31,"column":30},"end":{"line":31,"column":39}},"line":31},"3":{"name":"(anonymous_3)","decl":{"start":{"line":70,"column":13},"end":{"line":70,"column":30}},"loc":{"start":{"line":70,"column":55},"end":{"line":73,"column":null}},"line":70},"4":{"name":"(anonymous_4)","decl":{"start":{"line":71,"column":27},"end":{"line":71,"column":31}},"loc":{"start":{"line":72,"column":8},"end":{"line":72,"column":40}},"line":72},"5":{"name":"(anonymous_5)","decl":{"start":{"line":76,"column":13},"end":{"line":76,"column":39}},"loc":{"start":{"line":76,"column":71},"end":{"line":94,"column":null}},"line":76},"6":{"name":"(anonymous_6)","decl":{"start":{"line":97,"column":13},"end":{"line":97,"column":32}},"loc":{"start":{"line":97,"column":94},"end":{"line":108,"column":null}},"line":97},"7":{"name":"(anonymous_7)","decl":{"start":{"line":99,"column":15},"end":{"line":99,"column":23}},"loc":{"start":{"line":99,"column":28},"end":{"line":99,"column":71}},"line":99},"8":{"name":"(anonymous_8)","decl":{"start":{"line":101,"column":9},"end":{"line":101,"column":15}},"loc":{"start":{"line":101,"column":24},"end":{"line":107,"column":null}},"line":101},"9":{"name":"(anonymous_9)","decl":{"start":{"line":108,"column":9},"end":{"line":108,"column":13}},"loc":{"start":{"line":108,"column":22},"end":{"line":108,"column":53}},"line":108}},"branchMap":{"0":{"loc":{"start":{"line":10,"column":8},"end":{"line":20,"column":null}},"type":"if","locations":[{"start":{"line":10,"column":8},"end":{"line":20,"column":null}},{"start":{"line":15,"column":19},"end":{"line":20,"column":null}}],"line":10},"1":{"loc":{"start":{"line":10,"column":12},"end":{"line":10,"column":50}},"type":"binary-expr","locations":[{"start":{"line":10,"column":12},"end":{"line":10,"column":30}},{"start":{"line":10,"column":30},"end":{"line":10,"column":50}}],"line":10},"2":{"loc":{"start":{"line":15,"column":19},"end":{"line":20,"column":null}},"type":"if","locations":[{"start":{"line":15,"column":19},"end":{"line":20,"column":null}},{"start":{"line":19,"column":15},"end":{"line":20,"column":null}}],"line":15},"3":{"loc":{"start":{"line":30,"column":4},"end":{"line":30,"column":null}},"type":"if","locations":[{"start":{"line":30,"column":4},"end":{"line":30,"column":null}},{"start":{},"end":{}}],"line":30},"4":{"loc":{"start":{"line":31,"column":4},"end":{"line":31,"column":null}},"type":"if","locations":[{"start":{"line":31,"column":4},"end":{"line":31,"column":null}},{"start":{},"end":{}}],"line":31},"5":{"loc":{"start":{"line":39,"column":8},"end":{"line":40,"column":null}},"type":"if","locations":[{"start":{"line":39,"column":8},"end":{"line":40,"column":null}},{"start":{},"end":{}}],"line":39},"6":{"loc":{"start":{"line":39,"column":12},"end":{"line":39,"column":39}},"type":"binary-expr","locations":[{"start":{"line":39,"column":12},"end":{"line":39,"column":26}},{"start":{"line":39,"column":26},"end":{"line":39,"column":39}}],"line":39},"7":{"loc":{"start":{"line":47,"column":12},"end":{"line":47,"column":null}},"type":"if","locations":[{"start":{"line":47,"column":12},"end":{"line":47,"column":null}},{"start":{},"end":{}}],"line":47},"8":{"loc":{"start":{"line":50,"column":12},"end":{"line":50,"column":null}},"type":"if","locations":[{"start":{"line":50,"column":12},"end":{"line":50,"column":null}},{"start":{},"end":{}}],"line":50},"9":{"loc":{"start":{"line":61,"column":8},"end":{"line":61,"column":null}},"type":"if","locations":[{"start":{"line":61,"column":8},"end":{"line":61,"column":null}},{"start":{},"end":{}}],"line":61},"10":{"loc":{"start":{"line":61,"column":12},"end":{"line":61,"column":47}},"type":"binary-expr","locations":[{"start":{"line":61,"column":12},"end":{"line":61,"column":28}},{"start":{"line":61,"column":28},"end":{"line":61,"column":47}}],"line":61},"11":{"loc":{"start":{"line":62,"column":8},"end":{"line":62,"column":null}},"type":"if","locations":[{"start":{"line":62,"column":8},"end":{"line":62,"column":null}},{"start":{},"end":{}}],"line":62},"12":{"loc":{"start":{"line":62,"column":12},"end":{"line":62,"column":45}},"type":"binary-expr","locations":[{"start":{"line":62,"column":12},"end":{"line":62,"column":28}},{"start":{"line":62,"column":28},"end":{"line":62,"column":45}}],"line":62},"13":{"loc":{"start":{"line":63,"column":8},"end":{"line":63,"column":null}},"type":"if","locations":[{"start":{"line":63,"column":8},"end":{"line":63,"column":null}},{"start":{},"end":{}}],"line":63},"14":{"loc":{"start":{"line":63,"column":12},"end":{"line":63,"column":45}},"type":"binary-expr","locations":[{"start":{"line":63,"column":12},"end":{"line":63,"column":28}},{"start":{"line":63,"column":28},"end":{"line":63,"column":45}}],"line":63},"15":{"loc":{"start":{"line":64,"column":8},"end":{"line":64,"column":null}},"type":"if","locations":[{"start":{"line":64,"column":8},"end":{"line":64,"column":null}},{"start":{},"end":{}}],"line":64},"16":{"loc":{"start":{"line":64,"column":12},"end":{"line":64,"column":48}},"type":"binary-expr","locations":[{"start":{"line":64,"column":12},"end":{"line":64,"column":29}},{"start":{"line":64,"column":29},"end":{"line":64,"column":48}}],"line":64},"17":{"loc":{"start":{"line":85,"column":8},"end":{"line":91,"column":null}},"type":"if","locations":[{"start":{"line":85,"column":8},"end":{"line":91,"column":null}},{"start":{"line":88,"column":19},"end":{"line":91,"column":null}}],"line":85},"18":{"loc":{"start":{"line":85,"column":12},"end":{"line":85,"column":39}},"type":"binary-expr","locations":[{"start":{"line":85,"column":12},"end":{"line":85,"column":26}},{"start":{"line":85,"column":26},"end":{"line":85,"column":39}}],"line":85},"19":{"loc":{"start":{"line":88,"column":19},"end":{"line":91,"column":null}},"type":"if","locations":[{"start":{"line":88,"column":19},"end":{"line":91,"column":null}},{"start":{"line":90,"column":15},"end":{"line":91,"column":null}}],"line":88},"20":{"loc":{"start":{"line":99,"column":46},"end":{"line":99,"column":69}},"type":"binary-expr","locations":[{"start":{"line":99,"column":46},"end":{"line":99,"column":64}},{"start":{"line":99,"column":64},"end":{"line":99,"column":69}}],"line":99},"21":{"loc":{"start":{"line":104,"column":12},"end":{"line":104,"column":null}},"type":"if","locations":[{"start":{"line":104,"column":12},"end":{"line":104,"column":null}},{"start":{},"end":{}}],"line":104},"22":{"loc":{"start":{"line":105,"column":12},"end":{"line":105,"column":null}},"type":"if","locations":[{"start":{"line":105,"column":12},"end":{"line":105,"column":null}},{"start":{},"end":{}}],"line":105}},"s":{"0":2,"1":21,"2":21,"3":21,"4":21,"5":21,"6":117,"7":3,"8":3,"9":3,"10":3,"11":114,"12":24,"13":24,"14":24,"15":90,"16":21,"17":21,"18":2,"19":17,"20":17,"21":0,"22":17,"23":36,"24":2,"25":15,"26":15,"27":18,"28":18,"29":18,"30":18,"31":18,"32":2,"33":13,"34":13,"35":25,"36":25,"37":1,"38":24,"39":24,"40":0,"41":21,"42":3,"43":9,"44":9,"45":12,"46":12,"47":12,"48":12,"49":3,"50":9,"51":1,"52":8,"53":0,"54":8,"55":1,"56":4,"57":2,"58":13,"59":20,"60":2,"61":4,"62":4,"63":4,"64":4,"65":5,"66":5,"67":5,"68":5,"69":3,"70":3,"71":2,"72":1,"73":1,"74":4,"75":2,"76":1,"77":1,"78":4,"79":1,"80":2,"81":2,"82":2,"83":0,"84":2,"85":0,"86":2,"87":3},"f":{"0":21,"1":17,"2":36,"3":13,"4":20,"5":4,"6":1,"7":4,"8":2,"9":3},"b":{"0":[3,114],"1":[117,6],"2":[24,90],"3":[0,17],"4":[2,15],"5":[2,16],"6":[18,5],"7":[1,24],"8":[0,24],"9":[3,9],"10":[12,7],"11":[1,8],"12":[9,2],"13":[0,8],"14":[8,1],"15":[1,7],"16":[8,2],"17":[3,2],"18":[5,3],"19":[1,1],"20":[4,3],"21":[0,2],"22":[0,2]},"meta":{"lastBranch":23,"lastFunction":10,"lastStatement":88,"seen":{"s:4:6:24:Infinity":0,"f:4:6:4:24":0,"s:5:32:5:34":1,"s:6:32:6:34":2,"s:7:22:7:Infinity":3,"s:9:4:20:Infinity":4,"s:9:17:9:20":5,"b:10:8:20:Infinity:15:19:20:Infinity":0,"s:10:8:20:Infinity":6,"b:10:12:10:30:10:30:10:50":1,"s:11:12:11:Infinity":7,"s:12:12:12:Infinity":8,"s:13:12:13:Infinity":9,"s:14:12:14:Infinity":10,"b:15:19:20:Infinity:19:15:20:Infinity":2,"s:15:19:20:Infinity":11,"s:16:12:16:Infinity":12,"s:17:12:17:Infinity":13,"s:18:12:18:Infinity":14,"s:20:12:20:Infinity":15,"s:23:4:23:Infinity":16,"s:24:4:24:Infinity":17,"s:27:13:67:Infinity":18,"f:27:13:27:32":1,"s:28:41:28:60":19,"b:30:4:30:Infinity:undefined:undefined:undefined:undefined":3,"s:30:4:30:Infinity":20,"s:30:34:30:Infinity":21,"b:31:4:31:Infinity:undefined:undefined:undefined:undefined":4,"s:31:4:31:Infinity":22,"f:31:20:31:25":2,"s:31:30:31:39":23,"s:31:41:31:Infinity":24,"s:33:4:40:Infinity":25,"s:33:17:33:20":26,"s:34:23:34:Infinity":27,"s:35:24:35:Infinity":28,"s:36:24:36:52":29,"s:37:25:37:54":30,"b:39:8:40:Infinity:undefined:undefined:undefined:undefined":5,"s:39:8:40:Infinity":31,"b:39:12:39:26:39:26:39:39":6,"s:40:12:40:Infinity":32,"s:44:27:44:29":33,"s:45:4:53:Infinity":34,"s:46:8:53:Infinity":35,"b:47:12:47:Infinity:undefined:undefined:undefined:undefined":7,"s:47:12:47:Infinity":36,"s:47:40:47:Infinity":37,"s:49:22:49:123":38,"b:50:12:50:Infinity:undefined:undefined:undefined:undefined":8,"s:50:12:50:Infinity":39,"s:50:39:50:Infinity":40,"s:51:12:51:Infinity":41,"s:53:12:53:Infinity":42,"s:57:4:64:Infinity":43,"s:57:17:57:20":44,"s:58:19:58:Infinity":45,"s:59:20:59:Infinity":46,"s:60:19:60:Infinity":47,"b:61:8:61:Infinity:undefined:undefined:undefined:undefined":9,"s:61:8:61:Infinity":48,"b:61:12:61:28:61:28:61:47":10,"s:61:47:61:Infinity":49,"b:62:8:62:Infinity:undefined:undefined:undefined:undefined":11,"s:62:8:62:Infinity":50,"b:62:12:62:28:62:28:62:45":12,"s:62:45:62:Infinity":51,"b:63:8:63:Infinity:undefined:undefined:undefined:undefined":13,"s:63:8:63:Infinity":52,"b:63:12:63:28:63:28:63:45":14,"s:63:45:63:Infinity":53,"b:64:8:64:Infinity:undefined:undefined:undefined:undefined":15,"s:64:8:64:Infinity":54,"b:64:12:64:29:64:29:64:48":16,"s:64:48:64:Infinity":55,"s:67:4:67:Infinity":56,"s:70:13:73:Infinity":57,"f:70:13:70:30":3,"s:71:4:73:Infinity":58,"f:71:27:71:31":4,"s:72:8:72:40":59,"s:76:13:94:Infinity":60,"f:76:13:76:39":5,"s:77:41:77:66":61,"s:79:39:79:41":62,"s:80:4:91:Infinity":63,"s:80:17:80:20":64,"s:81:19:81:48":65,"s:82:20:82:53":66,"s:83:17:83:Infinity":67,"b:85:8:91:Infinity:88:19:91:Infinity":17,"s:85:8:91:Infinity":68,"b:85:12:85:26:85:26:85:39":18,"s:86:27:86:47":69,"s:87:12:87:Infinity":70,"b:88:19:91:Infinity:90:15:91:Infinity":19,"s:88:19:91:Infinity":71,"s:89:12:89:Infinity":72,"s:91:12:91:Infinity":73,"s:94:4:94:Infinity":74,"s:97:13:108:Infinity":75,"f:97:13:97:32":6,"s:98:43:98:45":76,"s:99:4:99:Infinity":77,"f:99:15:99:23":7,"s:99:28:99:71":78,"b:99:46:99:64:99:64:99:69":20,"s:100:4:108:Infinity":79,"f:101:9:101:15":8,"s:102:23:102:44":80,"s:103:23:103:44":81,"b:104:12:104:Infinity:undefined:undefined:undefined:undefined":21,"s:104:12:104:Infinity":82,"s:104:29:104:Infinity":83,"b:105:12:105:Infinity:undefined:undefined:undefined:undefined":22,"s:105:12:105:Infinity":84,"s:105:29:105:Infinity":85,"s:106:12:106:Infinity":86,"f:108:9:108:13":9,"s:108:22:108:53":87}}}
,"/home/cash/git/calculate/src/domain/grid.ts": {"path":"/home/cash/git/calculate/src/domain/grid.ts","statementMap":{"0":{"start":{"line":4,"column":6},"end":{"line":23,"column":null}},"1":{"start":{"line":9,"column":26},"end":{"line":9,"column":28}},"2":{"start":{"line":10,"column":4},"end":{"line":21,"column":null}},"3":{"start":{"line":10,"column":17},"end":{"line":10,"column":20}},"4":{"start":{"line":11,"column":25},"end":{"line":11,"column":null}},"5":{"start":{"line":12,"column":8},"end":{"line":18,"column":null}},"6":{"start":{"line":12,"column":21},"end":{"line":12,"column":24}},"7":{"start":{"line":13,"column":23},"end":{"line":13,"column":36}},"8":{"start":{"line":14,"column":12},"end":{"line":18,"column":null}},"9":{"start":{"line":15,"column":16},"end":{"line":15,"column":null}},"10":{"start":{"line":17,"column":16},"end":{"line":17,"column":null}},"11":{"start":{"line":17,"column":43},"end":{"line":17,"column":null}},"12":{"start":{"line":18,"column":16},"end":{"line":18,"column":null}},"13":{"start":{"line":21,"column":8},"end":{"line":21,"column":null}},"14":{"start":{"line":21,"column":35},"end":{"line":21,"column":null}},"15":{"start":{"line":23,"column":4},"end":{"line":23,"column":null}},"16":{"start":{"line":26,"column":13},"end":{"line":31,"column":null}},"17":{"start":{"line":27,"column":17},"end":{"line":27,"column":null}},"18":{"start":{"line":28,"column":4},"end":{"line":31,"column":null}},"19":{"start":{"line":29,"column":43},"end":{"line":29,"column":62}},"20":{"start":{"line":30,"column":43},"end":{"line":30,"column":62}},"21":{"start":{"line":34,"column":13},"end":{"line":46,"column":null}},"22":{"start":{"line":35,"column":18},"end":{"line":35,"column":50}},"23":{"start":{"line":37,"column":4},"end":{"line":38,"column":null}},"24":{"start":{"line":38,"column":8},"end":{"line":38,"column":null}},"25":{"start":{"line":41,"column":4},"end":{"line":43,"column":null}},"26":{"start":{"line":42,"column":14},"end":{"line":42,"column":41}},"27":{"start":{"line":43,"column":8},"end":{"line":43,"column":null}},"28":{"start":{"line":43,"column":24},"end":{"line":43,"column":null}},"29":{"start":{"line":46,"column":4},"end":{"line":46,"column":null}}},"fnMap":{"0":{"name":"(anonymous_0)","decl":{"start":{"line":4,"column":6},"end":{"line":4,"column":null}},"loc":{"start":{"line":8,"column":15},"end":{"line":23,"column":null}},"line":8},"1":{"name":"(anonymous_1)","decl":{"start":{"line":26,"column":13},"end":{"line":26,"column":37}},"loc":{"start":{"line":26,"column":82},"end":{"line":31,"column":null}},"line":26},"2":{"name":"(anonymous_2)","decl":{"start":{"line":29,"column":27},"end":{"line":29,"column":34}},"loc":{"start":{"line":29,"column":43},"end":{"line":29,"column":62}},"line":29},"3":{"name":"(anonymous_3)","decl":{"start":{"line":30,"column":27},"end":{"line":30,"column":34}},"loc":{"start":{"line":30,"column":43},"end":{"line":30,"column":62}},"line":30},"4":{"name":"(anonymous_4)","decl":{"start":{"line":34,"column":13},"end":{"line":34,"column":29}},"loc":{"start":{"line":34,"column":82},"end":{"line":46,"column":null}},"line":34}},"branchMap":{"0":{"loc":{"start":{"line":14,"column":12},"end":{"line":18,"column":null}},"type":"if","locations":[{"start":{"line":14,"column":12},"end":{"line":18,"column":null}},{"start":{"line":16,"column":19},"end":{"line":18,"column":null}}],"line":14},"1":{"loc":{"start":{"line":14,"column":16},"end":{"line":14,"column":52}},"type":"binary-expr","locations":[{"start":{"line":14,"column":16},"end":{"line":14,"column":41}},{"start":{"line":14,"column":41},"end":{"line":14,"column":52}}],"line":14},"2":{"loc":{"start":{"line":17,"column":16},"end":{"line":17,"column":null}},"type":"if","locations":[{"start":{"line":17,"column":16},"end":{"line":17,"column":null}},{"start":{},"end":{}}],"line":17},"3":{"loc":{"start":{"line":21,"column":8},"end":{"line":21,"column":null}},"type":"if","locations":[{"start":{"line":21,"column":8},"end":{"line":21,"column":null}},{"start":{},"end":{}}],"line":21},"4":{"loc":{"start":{"line":37,"column":4},"end":{"line":38,"column":null}},"type":"if","locations":[{"start":{"line":37,"column":4},"end":{"line":38,"column":null}},{"start":{},"end":{}}],"line":37},"5":{"loc":{"start":{"line":43,"column":8},"end":{"line":43,"column":null}},"type":"if","locations":[{"start":{"line":43,"column":8},"end":{"line":43,"column":null}},{"start":{},"end":{}}],"line":43}},"s":{"0":1,"1":10,"2":10,"3":10,"4":29,"5":29,"6":29,"7":64,"8":64,"9":40,"10":24,"11":0,"12":24,"13":29,"14":4,"15":10,"16":1,"17":5,"18":5,"19":32,"20":32,"21":1,"22":3,"23":3,"24":1,"25":2,"26":2,"27":2,"28":1,"29":1},"f":{"0":10,"1":5,"2":32,"3":32,"4":3},"b":{"0":[40,24],"1":[64,44],"2":[0,24],"3":[4,25],"4":[1,2],"5":[1,1]},"meta":{"lastBranch":6,"lastFunction":5,"lastStatement":30,"seen":{"s:4:6:23:Infinity":0,"f:4:6:4:Infinity":0,"s:9:26:9:28":1,"s:10:4:21:Infinity":2,"s:10:17:10:20":3,"s:11:25:11:Infinity":4,"s:12:8:18:Infinity":5,"s:12:21:12:24":6,"s:13:23:13:36":7,"b:14:12:18:Infinity:16:19:18:Infinity":0,"s:14:12:18:Infinity":8,"b:14:16:14:41:14:41:14:52":1,"s:15:16:15:Infinity":9,"b:17:16:17:Infinity:undefined:undefined:undefined:undefined":2,"s:17:16:17:Infinity":10,"s:17:43:17:Infinity":11,"s:18:16:18:Infinity":12,"b:21:8:21:Infinity:undefined:undefined:undefined:undefined":3,"s:21:8:21:Infinity":13,"s:21:35:21:Infinity":14,"s:23:4:23:Infinity":15,"s:26:13:31:Infinity":16,"f:26:13:26:37":1,"s:27:17:27:Infinity":17,"s:28:4:31:Infinity":18,"f:29:27:29:34":2,"s:29:43:29:62":19,"f:30:27:30:34":3,"s:30:43:30:62":20,"s:34:13:46:Infinity":21,"f:34:13:34:29":4,"s:35:18:35:50":22,"b:37:4:38:Infinity:undefined:undefined:undefined:undefined":4,"s:37:4:38:Infinity":23,"s:38:8:38:Infinity":24,"s:41:4:43:Infinity":25,"s:42:14:42:41":26,"b:43:8:43:Infinity:undefined:undefined:undefined:undefined":5,"s:43:8:43:Infinity":27,"s:43:24:43:Infinity":28,"s:46:4:46:Infinity":29}}}
,"/home/cash/git/calculate/src/domain/procedural.ts": {"path":"/home/cash/git/calculate/src/domain/procedural.ts","statementMap":{"0":{"start":{"line":4,"column":13},"end":{"line":34,"column":null}},"1":{"start":{"line":5,"column":19},"end":{"line":5,"column":61}},"2":{"start":{"line":6,"column":24},"end":{"line":6,"column":null}},"3":{"start":{"line":8,"column":16},"end":{"line":8,"column":null}},"4":{"start":{"line":9,"column":4},"end":{"line":9,"column":null}},"5":{"start":{"line":9,"column":22},"end":{"line":9,"column":null}},"6":{"start":{"line":11,"column":15},"end":{"line":11,"column":null}},"7":{"start":{"line":13,"column":4},"end":{"line":22,"column":null}},"8":{"start":{"line":14,"column":8},"end":{"line":14,"column":37}},"9":{"start":{"line":14,"column":37},"end":{"line":14,"column":66}},"10":{"start":{"line":14,"column":66},"end":{"line":14,"column":null}},"11":{"start":{"line":15,"column":15},"end":{"line":22,"column":null}},"12":{"start":{"line":16,"column":8},"end":{"line":16,"column":37}},"13":{"start":{"line":16,"column":37},"end":{"line":16,"column":66}},"14":{"start":{"line":16,"column":66},"end":{"line":16,"column":null}},"15":{"start":{"line":17,"column":15},"end":{"line":22,"column":null}},"16":{"start":{"line":18,"column":8},"end":{"line":18,"column":51}},"17":{"start":{"line":18,"column":51},"end":{"line":18,"column":94}},"18":{"start":{"line":18,"column":94},"end":{"line":18,"column":null}},"19":{"start":{"line":19,"column":15},"end":{"line":22,"column":null}},"20":{"start":{"line":20,"column":8},"end":{"line":20,"column":51}},"21":{"start":{"line":20,"column":51},"end":{"line":20,"column":94}},"22":{"start":{"line":20,"column":94},"end":{"line":20,"column":null}},"23":{"start":{"line":22,"column":8},"end":{"line":22,"column":15}},"24":{"start":{"line":22,"column":15},"end":{"line":22,"column":22}},"25":{"start":{"line":22,"column":22},"end":{"line":22,"column":null}},"26":{"start":{"line":25,"column":13},"end":{"line":25,"column":null}},"27":{"start":{"line":27,"column":4},"end":{"line":32,"column":null}},"28":{"start":{"line":28,"column":21},"end":{"line":28,"column":null}},"29":{"start":{"line":29,"column":24},"end":{"line":29,"column":null}},"30":{"start":{"line":30,"column":8},"end":{"line":30,"column":null}},"31":{"start":{"line":30,"column":26},"end":{"line":30,"column":null}},"32":{"start":{"line":31,"column":8},"end":{"line":31,"column":null}},"33":{"start":{"line":31,"column":26},"end":{"line":31,"column":null}},"34":{"start":{"line":32,"column":8},"end":{"line":32,"column":null}},"35":{"start":{"line":32,"column":27},"end":{"line":32,"column":null}},"36":{"start":{"line":34,"column":4},"end":{"line":34,"column":null}},"37":{"start":{"line":37,"column":13},"end":{"line":151,"column":null}},"38":{"start":{"line":38,"column":20},"end":{"line":38,"column":null}},"39":{"start":{"line":39,"column":4},"end":{"line":39,"column":null}},"40":{"start":{"line":41,"column":19},"end":{"line":41,"column":null}},"41":{"start":{"line":42,"column":4},"end":{"line":42,"column":null}},"42":{"start":{"line":42,"column":21},"end":{"line":42,"column":null}},"43":{"start":{"line":43,"column":4},"end":{"line":43,"column":null}},"44":{"start":{"line":43,"column":22},"end":{"line":43,"column":null}},"45":{"start":{"line":44,"column":4},"end":{"line":44,"column":null}},"46":{"start":{"line":44,"column":22},"end":{"line":44,"column":null}},"47":{"start":{"line":45,"column":4},"end":{"line":45,"column":null}},"48":{"start":{"line":45,"column":22},"end":{"line":45,"column":null}},"49":{"start":{"line":46,"column":4},"end":{"line":46,"column":null}},"50":{"start":{"line":46,"column":23},"end":{"line":46,"column":null}},"51":{"start":{"line":48,"column":16},"end":{"line":48,"column":41}},"52":{"start":{"line":49,"column":82},"end":{"line":49,"column":84}},"53":{"start":{"line":51,"column":10},"end":{"line":72,"column":null}},"54":{"start":{"line":52,"column":8},"end":{"line":69,"column":null}},"55":{"start":{"line":52,"column":21},"end":{"line":52,"column":24}},"56":{"start":{"line":53,"column":22},"end":{"line":53,"column":null}},"57":{"start":{"line":54,"column":22},"end":{"line":54,"column":null}},"58":{"start":{"line":55,"column":24},"end":{"line":55,"column":null}},"59":{"start":{"line":56,"column":12},"end":{"line":56,"column":null}},"60":{"start":{"line":56,"column":76},"end":{"line":56,"column":null}},"61":{"start":{"line":58,"column":12},"end":{"line":69,"column":null}},"62":{"start":{"line":59,"column":16},"end":{"line":60,"column":null}},"63":{"start":{"line":60,"column":20},"end":{"line":60,"column":null}},"64":{"start":{"line":60,"column":96},"end":{"line":60,"column":null}},"65":{"start":{"line":62,"column":16},"end":{"line":62,"column":null}},"66":{"start":{"line":62,"column":66},"end":{"line":62,"column":null}},"67":{"start":{"line":63,"column":16},"end":{"line":63,"column":null}},"68":{"start":{"line":63,"column":80},"end":{"line":63,"column":null}},"69":{"start":{"line":65,"column":16},"end":{"line":66,"column":null}},"70":{"start":{"line":66,"column":20},"end":{"line":66,"column":null}},"71":{"start":{"line":66,"column":96},"end":{"line":66,"column":null}},"72":{"start":{"line":68,"column":16},"end":{"line":68,"column":null}},"73":{"start":{"line":68,"column":66},"end":{"line":68,"column":null}},"74":{"start":{"line":69,"column":16},"end":{"line":69,"column":null}},"75":{"start":{"line":69,"column":80},"end":{"line":69,"column":null}},"76":{"start":{"line":72,"column":8},"end":{"line":72,"column":null}},"77":{"start":{"line":75,"column":20},"end":{"line":75,"column":51}},"78":{"start":{"line":76,"column":4},"end":{"line":76,"column":null}},"79":{"start":{"line":76,"column":17},"end":{"line":76,"column":20}},"80":{"start":{"line":76,"column":47},"end":{"line":76,"column":null}},"81":{"start":{"line":77,"column":4},"end":{"line":77,"column":null}},"82":{"start":{"line":79,"column":19},"end":{"line":79,"column":null}},"83":{"start":{"line":80,"column":4},"end":{"line":109,"column":null}},"84":{"start":{"line":81,"column":8},"end":{"line":81,"column":null}},"85":{"start":{"line":82,"column":27},"end":{"line":82,"column":null}},"86":{"start":{"line":83,"column":14},"end":{"line":83,"column":67}},"87":{"start":{"line":84,"column":27},"end":{"line":84,"column":null}},"88":{"start":{"line":85,"column":27},"end":{"line":85,"column":null}},"89":{"start":{"line":86,"column":27},"end":{"line":86,"column":null}},"90":{"start":{"line":88,"column":22},"end":{"line":88,"column":null}},"91":{"start":{"line":89,"column":8},"end":{"line":91,"column":null}},"92":{"start":{"line":89,"column":31},"end":{"line":89,"column":34}},"93":{"start":{"line":90,"column":23},"end":{"line":90,"column":54}},"94":{"start":{"line":91,"column":12},"end":{"line":91,"column":null}},"95":{"start":{"line":91,"column":45},"end":{"line":91,"column":61}},"96":{"start":{"line":91,"column":61},"end":{"line":91,"column":null}},"97":{"start":{"line":93,"column":8},"end":{"line":93,"column":null}},"98":{"start":{"line":93,"column":22},"end":{"line":93,"column":null}},"99":{"start":{"line":95,"column":22},"end":{"line":95,"column":24}},"100":{"start":{"line":96,"column":8},"end":{"line":96,"column":null}},"101":{"start":{"line":96,"column":21},"end":{"line":96,"column":24}},"102":{"start":{"line":96,"column":49},"end":{"line":96,"column":null}},"103":{"start":{"line":96,"column":80},"end":{"line":96,"column":null}},"104":{"start":{"line":97,"column":27},"end":{"line":97,"column":null}},"105":{"start":{"line":99,"column":24},"end":{"line":99,"column":null}},"106":{"start":{"line":100,"column":23},"end":{"line":100,"column":null}},"107":{"start":{"line":101,"column":23},"end":{"line":101,"column":null}},"108":{"start":{"line":103,"column":8},"end":{"line":109,"column":null}},"109":{"start":{"line":104,"column":12},"end":{"line":107,"column":null}},"110":{"start":{"line":104,"column":25},"end":{"line":104,"column":28}},"111":{"start":{"line":105,"column":26},"end":{"line":105,"column":null}},"112":{"start":{"line":106,"column":26},"end":{"line":106,"column":null}},"113":{"start":{"line":107,"column":16},"end":{"line":107,"column":null}},"114":{"start":{"line":109,"column":12},"end":{"line":109,"column":null}},"115":{"start":{"line":113,"column":15},"end":{"line":113,"column":25}},"116":{"start":{"line":113,"column":32},"end":{"line":113,"column":43}},"117":{"start":{"line":113,"column":50},"end":{"line":113,"column":60}},"118":{"start":{"line":113,"column":67},"end":{"line":113,"column":null}},"119":{"start":{"line":114,"column":4},"end":{"line":119,"column":null}},"120":{"start":{"line":115,"column":23},"end":{"line":115,"column":49}},"121":{"start":{"line":116,"column":8},"end":{"line":116,"column":null}},"122":{"start":{"line":116,"column":22},"end":{"line":116,"column":null}},"123":{"start":{"line":117,"column":8},"end":{"line":117,"column":null}},"124":{"start":{"line":117,"column":22},"end":{"line":117,"column":null}},"125":{"start":{"line":118,"column":8},"end":{"line":118,"column":null}},"126":{"start":{"line":118,"column":22},"end":{"line":118,"column":null}},"127":{"start":{"line":119,"column":8},"end":{"line":119,"column":null}},"128":{"start":{"line":119,"column":22},"end":{"line":119,"column":null}},"129":{"start":{"line":122,"column":17},"end":{"line":122,"column":null}},"130":{"start":{"line":123,"column":17},"end":{"line":123,"column":null}},"131":{"start":{"line":124,"column":19},"end":{"line":124,"column":45}},"132":{"start":{"line":125,"column":37},"end":{"line":125,"column":39}},"133":{"start":{"line":127,"column":4},"end":{"line":130,"column":null}},"134":{"start":{"line":128,"column":23},"end":{"line":128,"column":49}},"135":{"start":{"line":129,"column":8},"end":{"line":129,"column":null}},"136":{"start":{"line":130,"column":8},"end":{"line":130,"column":null}},"137":{"start":{"line":133,"column":21},"end":{"line":133,"column":44}},"138":{"start":{"line":134,"column":22},"end":{"line":134,"column":null}},"139":{"start":{"line":135,"column":4},"end":{"line":136,"column":null}},"140":{"start":{"line":135,"column":17},"end":{"line":135,"column":20}},"141":{"start":{"line":136,"column":8},"end":{"line":136,"column":null}},"142":{"start":{"line":139,"column":4},"end":{"line":141,"column":null}},"143":{"start":{"line":139,"column":17},"end":{"line":139,"column":44}},"144":{"start":{"line":140,"column":18},"end":{"line":140,"column":54}},"145":{"start":{"line":141,"column":8},"end":{"line":141,"column":null}},"146":{"start":{"line":144,"column":4},"end":{"line":151,"column":null}}},"fnMap":{"0":{"name":"(anonymous_0)","decl":{"start":{"line":4,"column":13},"end":{"line":4,"column":39}},"loc":{"start":{"line":4,"column":67},"end":{"line":34,"column":null}},"line":4},"1":{"name":"(anonymous_1)","decl":{"start":{"line":37,"column":13},"end":{"line":37,"column":35}},"loc":{"start":{"line":37,"column":65},"end":{"line":151,"column":null}},"line":37},"2":{"name":"(anonymous_2)","decl":{"start":{"line":51,"column":10},"end":{"line":51,"column":22}},"loc":{"start":{"line":51,"column":124},"end":{"line":72,"column":null}},"line":51}},"branchMap":{"0":{"loc":{"start":{"line":6,"column":24},"end":{"line":6,"column":null}},"type":"binary-expr","locations":[{"start":{"line":6,"column":24},"end":{"line":6,"column":39}},{"start":{"line":6,"column":34},"end":{"line":6,"column":null}}],"line":6},"1":{"loc":{"start":{"line":9,"column":4},"end":{"line":9,"column":null}},"type":"if","locations":[{"start":{"line":9,"column":4},"end":{"line":9,"column":null}},{"start":{},"end":{}}],"line":9},"2":{"loc":{"start":{"line":13,"column":4},"end":{"line":22,"column":null}},"type":"if","locations":[{"start":{"line":13,"column":4},"end":{"line":22,"column":null}},{"start":{"line":15,"column":15},"end":{"line":22,"column":null}}],"line":13},"3":{"loc":{"start":{"line":15,"column":15},"end":{"line":22,"column":null}},"type":"if","locations":[{"start":{"line":15,"column":15},"end":{"line":22,"column":null}},{"start":{"line":17,"column":15},"end":{"line":22,"column":null}}],"line":15},"4":{"loc":{"start":{"line":17,"column":15},"end":{"line":22,"column":null}},"type":"if","locations":[{"start":{"line":17,"column":15},"end":{"line":22,"column":null}},{"start":{"line":19,"column":15},"end":{"line":22,"column":null}}],"line":17},"5":{"loc":{"start":{"line":19,"column":15},"end":{"line":22,"column":null}},"type":"if","locations":[{"start":{"line":19,"column":15},"end":{"line":22,"column":null}},{"start":{"line":21,"column":11},"end":{"line":22,"column":null}}],"line":19},"6":{"loc":{"start":{"line":27,"column":4},"end":{"line":32,"column":null}},"type":"if","locations":[{"start":{"line":27,"column":4},"end":{"line":32,"column":null}},{"start":{},"end":{}}],"line":27},"7":{"loc":{"start":{"line":30,"column":8},"end":{"line":30,"column":null}},"type":"if","locations":[{"start":{"line":30,"column":8},"end":{"line":30,"column":null}},{"start":{},"end":{}}],"line":30},"8":{"loc":{"start":{"line":31,"column":8},"end":{"line":31,"column":null}},"type":"if","locations":[{"start":{"line":31,"column":8},"end":{"line":31,"column":null}},{"start":{},"end":{}}],"line":31},"9":{"loc":{"start":{"line":32,"column":8},"end":{"line":32,"column":null}},"type":"if","locations":[{"start":{"line":32,"column":8},"end":{"line":32,"column":null}},{"start":{},"end":{}}],"line":32},"10":{"loc":{"start":{"line":42,"column":4},"end":{"line":42,"column":null}},"type":"if","locations":[{"start":{"line":42,"column":4},"end":{"line":42,"column":null}},{"start":{},"end":{}}],"line":42},"11":{"loc":{"start":{"line":43,"column":4},"end":{"line":43,"column":null}},"type":"if","locations":[{"start":{"line":43,"column":4},"end":{"line":43,"column":null}},{"start":{},"end":{}}],"line":43},"12":{"loc":{"start":{"line":44,"column":4},"end":{"line":44,"column":null}},"type":"if","locations":[{"start":{"line":44,"column":4},"end":{"line":44,"column":null}},{"start":{},"end":{}}],"line":44},"13":{"loc":{"start":{"line":45,"column":4},"end":{"line":45,"column":null}},"type":"if","locations":[{"start":{"line":45,"column":4},"end":{"line":45,"column":null}},{"start":{},"end":{}}],"line":45},"14":{"loc":{"start":{"line":46,"column":4},"end":{"line":46,"column":null}},"type":"if","locations":[{"start":{"line":46,"column":4},"end":{"line":46,"column":null}},{"start":{},"end":{}}],"line":46},"15":{"loc":{"start":{"line":53,"column":22},"end":{"line":53,"column":null}},"type":"cond-expr","locations":[{"start":{"line":53,"column":32},"end":{"line":53,"column":45}},{"start":{"line":53,"column":45},"end":{"line":53,"column":null}}],"line":53},"16":{"loc":{"start":{"line":54,"column":22},"end":{"line":54,"column":null}},"type":"cond-expr","locations":[{"start":{"line":54,"column":32},"end":{"line":54,"column":41}},{"start":{"line":54,"column":41},"end":{"line":54,"column":null}}],"line":54},"17":{"loc":{"start":{"line":56,"column":12},"end":{"line":56,"column":null}},"type":"if","locations":[{"start":{"line":56,"column":12},"end":{"line":56,"column":null}},{"start":{},"end":{}}],"line":56},"18":{"loc":{"start":{"line":56,"column":16},"end":{"line":56,"column":76}},"type":"binary-expr","locations":[{"start":{"line":56,"column":16},"end":{"line":56,"column":37}},{"start":{"line":56,"column":41},"end":{"line":56,"column":76}}],"line":56},"19":{"loc":{"start":{"line":58,"column":12},"end":{"line":69,"column":null}},"type":"if","locations":[{"start":{"line":58,"column":12},"end":{"line":69,"column":null}},{"start":{"line":64,"column":19},"end":{"line":69,"column":null}}],"line":58},"20":{"loc":{"start":{"line":59,"column":16},"end":{"line":60,"column":null}},"type":"if","locations":[{"start":{"line":59,"column":16},"end":{"line":60,"column":null}},{"start":{},"end":{}}],"line":59},"21":{"loc":{"start":{"line":60,"column":20},"end":{"line":60,"column":null}},"type":"if","locations":[{"start":{"line":60,"column":20},"end":{"line":60,"column":null}},{"start":{},"end":{}}],"line":60},"22":{"loc":{"start":{"line":60,"column":24},"end":{"line":60,"column":94}},"type":"binary-expr","locations":[{"start":{"line":60,"column":24},"end":{"line":60,"column":57}},{"start":{"line":60,"column":61},"end":{"line":60,"column":94}}],"line":60},"23":{"loc":{"start":{"line":62,"column":16},"end":{"line":62,"column":null}},"type":"if","locations":[{"start":{"line":62,"column":16},"end":{"line":62,"column":null}},{"start":{},"end":{}}],"line":62},"24":{"loc":{"start":{"line":62,"column":20},"end":{"line":62,"column":64}},"type":"binary-expr","locations":[{"start":{"line":62,"column":20},"end":{"line":62,"column":31}},{"start":{"line":62,"column":31},"end":{"line":62,"column":64}}],"line":62},"25":{"loc":{"start":{"line":63,"column":16},"end":{"line":63,"column":null}},"type":"if","locations":[{"start":{"line":63,"column":16},"end":{"line":63,"column":null}},{"start":{},"end":{}}],"line":63},"26":{"loc":{"start":{"line":63,"column":20},"end":{"line":63,"column":78}},"type":"binary-expr","locations":[{"start":{"line":63,"column":20},"end":{"line":63,"column":45}},{"start":{"line":63,"column":45},"end":{"line":63,"column":78}}],"line":63},"27":{"loc":{"start":{"line":65,"column":16},"end":{"line":66,"column":null}},"type":"if","locations":[{"start":{"line":65,"column":16},"end":{"line":66,"column":null}},{"start":{},"end":{}}],"line":65},"28":{"loc":{"start":{"line":66,"column":20},"end":{"line":66,"column":null}},"type":"if","locations":[{"start":{"line":66,"column":20},"end":{"line":66,"column":null}},{"start":{},"end":{}}],"line":66},"29":{"loc":{"start":{"line":66,"column":24},"end":{"line":66,"column":94}},"type":"binary-expr","locations":[{"start":{"line":66,"column":24},"end":{"line":66,"column":57}},{"start":{"line":66,"column":61},"end":{"line":66,"column":94}}],"line":66},"30":{"loc":{"start":{"line":68,"column":16},"end":{"line":68,"column":null}},"type":"if","locations":[{"start":{"line":68,"column":16},"end":{"line":68,"column":null}},{"start":{},"end":{}}],"line":68},"31":{"loc":{"start":{"line":68,"column":20},"end":{"line":68,"column":64}},"type":"binary-expr","locations":[{"start":{"line":68,"column":20},"end":{"line":68,"column":31}},{"start":{"line":68,"column":31},"end":{"line":68,"column":64}}],"line":68},"32":{"loc":{"start":{"line":69,"column":16},"end":{"line":69,"column":null}},"type":"if","locations":[{"start":{"line":69,"column":16},"end":{"line":69,"column":null}},{"start":{},"end":{}}],"line":69},"33":{"loc":{"start":{"line":69,"column":20},"end":{"line":69,"column":78}},"type":"binary-expr","locations":[{"start":{"line":69,"column":20},"end":{"line":69,"column":45}},{"start":{"line":69,"column":45},"end":{"line":69,"column":78}}],"line":69},"34":{"loc":{"start":{"line":80,"column":11},"end":{"line":80,"column":60}},"type":"binary-expr","locations":[{"start":{"line":80,"column":11},"end":{"line":80,"column":44}},{"start":{"line":80,"column":44},"end":{"line":80,"column":60}}],"line":80},"35":{"loc":{"start":{"line":85,"column":27},"end":{"line":85,"column":null}},"type":"cond-expr","locations":[{"start":{"line":85,"column":48},"end":{"line":85,"column":73}},{"start":{"line":85,"column":73},"end":{"line":85,"column":null}}],"line":85},"36":{"loc":{"start":{"line":86,"column":27},"end":{"line":86,"column":null}},"type":"cond-expr","locations":[{"start":{"line":86,"column":48},"end":{"line":86,"column":63}},{"start":{"line":86,"column":63},"end":{"line":86,"column":null}}],"line":86},"37":{"loc":{"start":{"line":91,"column":12},"end":{"line":91,"column":null}},"type":"if","locations":[{"start":{"line":91,"column":12},"end":{"line":91,"column":null}},{"start":{},"end":{}}],"line":91},"38":{"loc":{"start":{"line":93,"column":8},"end":{"line":93,"column":null}},"type":"if","locations":[{"start":{"line":93,"column":8},"end":{"line":93,"column":null}},{"start":{},"end":{}}],"line":93},"39":{"loc":{"start":{"line":96,"column":49},"end":{"line":96,"column":null}},"type":"if","locations":[{"start":{"line":96,"column":49},"end":{"line":96,"column":null}},{"start":{},"end":{}}],"line":96},"40":{"loc":{"start":{"line":100,"column":23},"end":{"line":100,"column":null}},"type":"cond-expr","locations":[{"start":{"line":100,"column":33},"end":{"line":100,"column":59}},{"start":{"line":100,"column":59},"end":{"line":100,"column":null}}],"line":100},"41":{"loc":{"start":{"line":101,"column":23},"end":{"line":101,"column":null}},"type":"cond-expr","locations":[{"start":{"line":101,"column":33},"end":{"line":101,"column":46}},{"start":{"line":101,"column":46},"end":{"line":101,"column":null}}],"line":101},"42":{"loc":{"start":{"line":103,"column":8},"end":{"line":109,"column":null}},"type":"if","locations":[{"start":{"line":103,"column":8},"end":{"line":109,"column":null}},{"start":{},"end":{}}],"line":103},"43":{"loc":{"start":{"line":105,"column":26},"end":{"line":105,"column":null}},"type":"cond-expr","locations":[{"start":{"line":105,"column":36},"end":{"line":105,"column":49}},{"start":{"line":105,"column":49},"end":{"line":105,"column":null}}],"line":105},"44":{"loc":{"start":{"line":106,"column":26},"end":{"line":106,"column":null}},"type":"cond-expr","locations":[{"start":{"line":106,"column":36},"end":{"line":106,"column":45}},{"start":{"line":106,"column":45},"end":{"line":106,"column":null}}],"line":106},"45":{"loc":{"start":{"line":116,"column":8},"end":{"line":116,"column":null}},"type":"if","locations":[{"start":{"line":116,"column":8},"end":{"line":116,"column":null}},{"start":{},"end":{}}],"line":116},"46":{"loc":{"start":{"line":117,"column":8},"end":{"line":117,"column":null}},"type":"if","locations":[{"start":{"line":117,"column":8},"end":{"line":117,"column":null}},{"start":{},"end":{}}],"line":117},"47":{"loc":{"start":{"line":118,"column":8},"end":{"line":118,"column":null}},"type":"if","locations":[{"start":{"line":118,"column":8},"end":{"line":118,"column":null}},{"start":{},"end":{}}],"line":118},"48":{"loc":{"start":{"line":119,"column":8},"end":{"line":119,"column":null}},"type":"if","locations":[{"start":{"line":119,"column":8},"end":{"line":119,"column":null}},{"start":{},"end":{}}],"line":119}},"s":{"0":2,"1":67,"2":67,"3":67,"4":67,"5":56,"6":67,"7":67,"8":18,"9":18,"10":18,"11":49,"12":16,"13":16,"14":16,"15":33,"16":19,"17":19,"18":19,"19":14,"20":14,"21":14,"22":14,"23":0,"24":0,"25":0,"26":67,"27":67,"28":29,"29":29,"30":29,"31":7,"32":29,"33":10,"34":29,"35":12,"36":67,"37":2,"38":4,"39":4,"40":4,"41":4,"42":3,"43":4,"44":3,"45":4,"46":2,"47":4,"48":2,"49":4,"50":1,"51":4,"52":4,"53":4,"54":14,"55":14,"56":109,"57":109,"58":109,"59":109,"60":2,"61":107,"62":29,"63":25,"64":2,"65":27,"66":0,"67":27,"68":0,"69":78,"70":70,"71":0,"72":78,"73":0,"74":78,"75":0,"76":10,"77":4,"78":4,"79":4,"80":27,"81":4,"82":4,"83":4,"84":14,"85":14,"86":14,"87":14,"88":14,"89":14,"90":14,"91":14,"92":14,"93":32,"94":32,"95":14,"96":14,"97":14,"98":0,"99":14,"100":14,"101":14,"102":128,"103":19,"104":14,"105":14,"106":14,"107":14,"108":14,"109":10,"110":10,"111":96,"112":96,"113":96,"114":10,"115":4,"116":4,"117":4,"118":4,"119":4,"120":113,"121":113,"122":5,"123":113,"124":35,"125":113,"126":8,"127":113,"128":25,"129":4,"130":4,"131":4,"132":4,"133":4,"134":113,"135":113,"136":113,"137":4,"138":4,"139":4,"140":4,"141":44,"142":4,"143":4,"144":153,"145":153,"146":4},"f":{"0":67,"1":4,"2":14},"b":{"0":[67,61],"1":[56,11],"2":[18,49],"3":[16,33],"4":[19,14],"5":[14,0],"6":[29,38],"7":[7,22],"8":[10,19],"9":[12,17],"10":[3,1],"11":[3,1],"12":[2,2],"13":[2,2],"14":[1,3],"15":[31,78],"16":[31,78],"17":[2,107],"18":[109,14],"19":[29,78],"20":[25,4],"21":[2,23],"22":[25,23],"23":[0,27],"24":[27,5],"25":[0,27],"26":[27,2],"27":[70,8],"28":[0,70],"29":[70,70],"30":[0,78],"31":[78,8],"32":[0,78],"33":[78,8],"34":[4,14],"35":[8,6],"36":[8,6],"37":[14,18],"38":[0,14],"39":[19,109],"40":[6,8],"41":[6,8],"42":[10,4],"43":[18,78],"44":[18,78],"45":[5,108],"46":[35,78],"47":[8,105],"48":[25,88]},"meta":{"lastBranch":49,"lastFunction":3,"lastStatement":147,"seen":{"s:4:13:34:Infinity":0,"f:4:13:4:39":0,"s:5:19:5:61":1,"s:6:24:6:Infinity":2,"b:6:24:6:39:6:34:6:Infinity":0,"s:8:16:8:Infinity":3,"b:9:4:9:Infinity:undefined:undefined:undefined:undefined":1,"s:9:4:9:Infinity":4,"s:9:22:9:Infinity":5,"s:11:15:11:Infinity":6,"b:13:4:22:Infinity:15:15:22:Infinity":2,"s:13:4:22:Infinity":7,"s:14:8:14:37":8,"s:14:37:14:66":9,"s:14:66:14:Infinity":10,"b:15:15:22:Infinity:17:15:22:Infinity":3,"s:15:15:22:Infinity":11,"s:16:8:16:37":12,"s:16:37:16:66":13,"s:16:66:16:Infinity":14,"b:17:15:22:Infinity:19:15:22:Infinity":4,"s:17:15:22:Infinity":15,"s:18:8:18:51":16,"s:18:51:18:94":17,"s:18:94:18:Infinity":18,"b:19:15:22:Infinity:21:11:22:Infinity":5,"s:19:15:22:Infinity":19,"s:20:8:20:51":20,"s:20:51:20:94":21,"s:20:94:20:Infinity":22,"s:22:8:22:15":23,"s:22:15:22:22":24,"s:22:22:22:Infinity":25,"s:25:13:25:Infinity":26,"b:27:4:32:Infinity:undefined:undefined:undefined:undefined":6,"s:27:4:32:Infinity":27,"s:28:21:28:Infinity":28,"s:29:24:29:Infinity":29,"b:30:8:30:Infinity:undefined:undefined:undefined:undefined":7,"s:30:8:30:Infinity":30,"s:30:26:30:Infinity":31,"b:31:8:31:Infinity:undefined:undefined:undefined:undefined":8,"s:31:8:31:Infinity":32,"s:31:26:31:Infinity":33,"b:32:8:32:Infinity:undefined:undefined:undefined:undefined":9,"s:32:8:32:Infinity":34,"s:32:27:32:Infinity":35,"s:34:4:34:Infinity":36,"s:37:13:151:Infinity":37,"f:37:13:37:35":1,"s:38:20:38:Infinity":38,"s:39:4:39:Infinity":39,"s:41:19:41:Infinity":40,"b:42:4:42:Infinity:undefined:undefined:undefined:undefined":10,"s:42:4:42:Infinity":41,"s:42:21:42:Infinity":42,"b:43:4:43:Infinity:undefined:undefined:undefined:undefined":11,"s:43:4:43:Infinity":43,"s:43:22:43:Infinity":44,"b:44:4:44:Infinity:undefined:undefined:undefined:undefined":12,"s:44:4:44:Infinity":45,"s:44:22:44:Infinity":46,"b:45:4:45:Infinity:undefined:undefined:undefined:undefined":13,"s:45:4:45:Infinity":47,"s:45:22:45:Infinity":48,"b:46:4:46:Infinity:undefined:undefined:undefined:undefined":14,"s:46:4:46:Infinity":49,"s:46:23:46:Infinity":50,"s:48:16:48:41":51,"s:49:82:49:84":52,"s:51:10:72:Infinity":53,"f:51:10:51:22":2,"s:52:8:69:Infinity":54,"s:52:21:52:24":55,"s:53:22:53:Infinity":56,"b:53:32:53:45:53:45:53:Infinity":15,"s:54:22:54:Infinity":57,"b:54:32:54:41:54:41:54:Infinity":16,"s:55:24:55:Infinity":58,"b:56:12:56:Infinity:undefined:undefined:undefined:undefined":17,"s:56:12:56:Infinity":59,"b:56:16:56:37:56:41:56:76":18,"s:56:76:56:Infinity":60,"b:58:12:69:Infinity:64:19:69:Infinity":19,"s:58:12:69:Infinity":61,"b:59:16:60:Infinity:undefined:undefined:undefined:undefined":20,"s:59:16:60:Infinity":62,"b:60:20:60:Infinity:undefined:undefined:undefined:undefined":21,"s:60:20:60:Infinity":63,"b:60:24:60:57:60:61:60:94":22,"s:60:96:60:Infinity":64,"b:62:16:62:Infinity:undefined:undefined:undefined:undefined":23,"s:62:16:62:Infinity":65,"b:62:20:62:31:62:31:62:64":24,"s:62:66:62:Infinity":66,"b:63:16:63:Infinity:undefined:undefined:undefined:undefined":25,"s:63:16:63:Infinity":67,"b:63:20:63:45:63:45:63:78":26,"s:63:80:63:Infinity":68,"b:65:16:66:Infinity:undefined:undefined:undefined:undefined":27,"s:65:16:66:Infinity":69,"b:66:20:66:Infinity:undefined:undefined:undefined:undefined":28,"s:66:20:66:Infinity":70,"b:66:24:66:57:66:61:66:94":29,"s:66:96:66:Infinity":71,"b:68:16:68:Infinity:undefined:undefined:undefined:undefined":30,"s:68:16:68:Infinity":72,"b:68:20:68:31:68:31:68:64":31,"s:68:66:68:Infinity":73,"b:69:16:69:Infinity:undefined:undefined:undefined:undefined":32,"s:69:16:69:Infinity":74,"b:69:20:69:45:69:45:69:78":33,"s:69:80:69:Infinity":75,"s:72:8:72:Infinity":76,"s:75:20:75:51":77,"s:76:4:76:Infinity":78,"s:76:17:76:20":79,"s:76:47:76:Infinity":80,"s:77:4:77:Infinity":81,"s:79:19:79:Infinity":82,"s:80:4:109:Infinity":83,"b:80:11:80:44:80:44:80:60":34,"s:81:8:81:Infinity":84,"s:82:27:82:Infinity":85,"s:83:14:83:67":86,"s:84:27:84:Infinity":87,"s:85:27:85:Infinity":88,"b:85:48:85:73:85:73:85:Infinity":35,"s:86:27:86:Infinity":89,"b:86:48:86:63:86:63:86:Infinity":36,"s:88:22:88:Infinity":90,"s:89:8:91:Infinity":91,"s:89:31:89:34":92,"s:90:23:90:54":93,"b:91:12:91:Infinity:undefined:undefined:undefined:undefined":37,"s:91:12:91:Infinity":94,"s:91:45:91:61":95,"s:91:61:91:Infinity":96,"b:93:8:93:Infinity:undefined:undefined:undefined:undefined":38,"s:93:8:93:Infinity":97,"s:93:22:93:Infinity":98,"s:95:22:95:24":99,"s:96:8:96:Infinity":100,"s:96:21:96:24":101,"b:96:49:96:Infinity:undefined:undefined:undefined:undefined":39,"s:96:49:96:Infinity":102,"s:96:80:96:Infinity":103,"s:97:27:97:Infinity":104,"s:99:24:99:Infinity":105,"s:100:23:100:Infinity":106,"b:100:33:100:59:100:59:100:Infinity":40,"s:101:23:101:Infinity":107,"b:101:33:101:46:101:46:101:Infinity":41,"b:103:8:109:Infinity:undefined:undefined:undefined:undefined":42,"s:103:8:109:Infinity":108,"s:104:12:107:Infinity":109,"s:104:25:104:28":110,"s:105:26:105:Infinity":111,"b:105:36:105:49:105:49:105:Infinity":43,"s:106:26:106:Infinity":112,"b:106:36:106:45:106:45:106:Infinity":44,"s:107:16:107:Infinity":113,"s:109:12:109:Infinity":114,"s:113:15:113:25":115,"s:113:32:113:43":116,"s:113:50:113:60":117,"s:113:67:113:Infinity":118,"s:114:4:119:Infinity":119,"s:115:23:115:49":120,"b:116:8:116:Infinity:undefined:undefined:undefined:undefined":45,"s:116:8:116:Infinity":121,"s:116:22:116:Infinity":122,"b:117:8:117:Infinity:undefined:undefined:undefined:undefined":46,"s:117:8:117:Infinity":123,"s:117:22:117:Infinity":124,"b:118:8:118:Infinity:undefined:undefined:undefined:undefined":47,"s:118:8:118:Infinity":125,"s:118:22:118:Infinity":126,"b:119:8:119:Infinity:undefined:undefined:undefined:undefined":48,"s:119:8:119:Infinity":127,"s:119:22:119:Infinity":128,"s:122:17:122:Infinity":129,"s:123:17:123:Infinity":130,"s:124:19:124:45":131,"s:125:37:125:39":132,"s:127:4:130:Infinity":133,"s:128:23:128:49":134,"s:129:8:129:Infinity":135,"s:130:8:130:Infinity":136,"s:133:21:133:44":137,"s:134:22:134:Infinity":138,"s:135:4:136:Infinity":139,"s:135:17:135:20":140,"s:136:8:136:Infinity":141,"s:139:4:141:Infinity":142,"s:139:17:139:44":143,"s:140:18:140:54":144,"s:141:8:141:Infinity":145,"s:144:4:151:Infinity":146}}}
,"/home/cash/git/calculate/src/domain/random.ts": {"path":"/home/cash/git/calculate/src/domain/random.ts","statementMap":{"0":{"start":{"line":1,"column":18},"end":{"line":1,"column":null}},"1":{"start":{"line":3,"column":13},"end":{"line":4,"column":null}},"2":{"start":{"line":4,"column":4},"end":{"line":4,"column":null}},"3":{"start":{"line":7,"column":13},"end":{"line":11,"column":null}},"4":{"start":{"line":8,"column":12},"end":{"line":8,"column":null}},"5":{"start":{"line":9,"column":4},"end":{"line":9,"column":null}},"6":{"start":{"line":10,"column":4},"end":{"line":10,"column":null}},"7":{"start":{"line":11,"column":4},"end":{"line":11,"column":null}},"8":{"start":{"line":14,"column":13},"end":{"line":15,"column":null}},"9":{"start":{"line":15,"column":4},"end":{"line":15,"column":null}}},"fnMap":{"0":{"name":"(anonymous_0)","decl":{"start":{"line":3,"column":13},"end":{"line":3,"column":24}},"loc":{"start":{"line":3,"column":41},"end":{"line":4,"column":null}},"line":3},"1":{"name":"(anonymous_1)","decl":{"start":{"line":7,"column":13},"end":{"line":7,"column":34}},"loc":{"start":{"line":7,"column":34},"end":{"line":11,"column":null}},"line":7},"2":{"name":"(anonymous_2)","decl":{"start":{"line":14,"column":13},"end":{"line":14,"column":29}},"loc":{"start":{"line":15,"column":4},"end":{"line":15,"column":null}},"line":15}},"branchMap":{},"s":{"0":3,"1":3,"2":9,"3":3,"4":663,"5":663,"6":663,"7":663,"8":3,"9":445},"f":{"0":9,"1":663,"2":445},"b":{},"meta":{"lastBranch":0,"lastFunction":3,"lastStatement":10,"seen":{"s:1:18:1:Infinity":0,"s:3:13:4:Infinity":1,"f:3:13:3:24":0,"s:4:4:4:Infinity":2,"s:7:13:11:Infinity":3,"f:7:13:7:34":1,"s:8:12:8:Infinity":4,"s:9:4:9:Infinity":5,"s:10:4:10:Infinity":6,"s:11:4:11:Infinity":7,"s:14:13:15:Infinity":8,"f:14:13:14:29":2,"s:15:4:15:Infinity":9}}}
,"/home/cash/git/calculate/src/services/LevelService.ts": {"path":"/home/cash/git/calculate/src/services/LevelService.ts","statementMap":{"0":{"start":{"line":5,"column":28},"end":{"line":19,"column":null}},"1":{"start":{"line":7,"column":8},"end":{"line":8,"column":null}},"2":{"start":{"line":8,"column":12},"end":{"line":8,"column":null}},"3":{"start":{"line":10,"column":8},"end":{"line":10,"column":null}},"4":{"start":{"line":14,"column":8},"end":{"line":17,"column":null}},"5":{"start":{"line":14,"column":47},"end":{"line":17,"column":11}}},"fnMap":{"0":{"name":"(anonymous_0)","decl":{"start":{"line":6,"column":4},"end":{"line":6,"column":15}},"loc":{"start":{"line":6,"column":40},"end":{"line":10,"column":null}},"line":6},"1":{"name":"(anonymous_1)","decl":{"start":{"line":13,"column":4},"end":{"line":13,"column":24}},"loc":{"start":{"line":13,"column":53},"end":{"line":17,"column":null}},"line":13},"2":{"name":"(anonymous_2)","decl":{"start":{"line":14,"column":28},"end":{"line":14,"column":33}},"loc":{"start":{"line":14,"column":47},"end":{"line":17,"column":11}},"line":14}},"branchMap":{"0":{"loc":{"start":{"line":7,"column":8},"end":{"line":8,"column":null}},"type":"if","locations":[{"start":{"line":7,"column":8},"end":{"line":8,"column":null}},{"start":{},"end":{}}],"line":7},"1":{"loc":{"start":{"line":15,"column":18},"end":{"line":15,"column":null}},"type":"cond-expr","locations":[{"start":{"line":15,"column":35},"end":{"line":15,"column":45}},{"start":{"line":15,"column":45},"end":{"line":15,"column":null}}],"line":15}},"s":{"0":1,"1":3,"2":2,"3":1,"4":1,"5":25},"f":{"0":3,"1":1,"2":25},"b":{"0":[2,1],"1":[6,19]},"meta":{"lastBranch":2,"lastFunction":3,"lastStatement":6,"seen":{"s:5:28:19:Infinity":0,"f:6:4:6:15":0,"b:7:8:8:Infinity:undefined:undefined:undefined:undefined":0,"s:7:8:8:Infinity":1,"s:8:12:8:Infinity":2,"s:10:8:10:Infinity":3,"f:13:4:13:24":1,"s:14:8:17:Infinity":4,"f:14:28:14:33":2,"s:14:47:17:11":5,"b:15:35:15:45:15:45:15:Infinity":1}}}
}
